<?xml version="1.0" encoding="UTF-8"?>
<!-- Generated by org.testng.reporters.JUnitReportReporter -->
<testsuite hostname="Dell-PC" failures="0" tests="3" name="WebScrapTest" time="134.538" errors="0" timestamp="2020-10-07T18:47:25 IST" skipped="0">
  <testcase classname="WebScrapTest" name="webScrapeTest" time="28.419"/>
  <testcase classname="WebScrapTest" name="webScrapeTest" time="25.901"/>
  <testcase classname="WebScrapTest" name="webScrapeTest" time="80.218"/>
</testsuite> <!-- WebScrapTest -->
